<?xml version="1.0" encoding="UTF-8"?>
<!-- Generated by org.testng.reporters.JUnitReportReporter -->
<testsuite hostname="DESKTOP-Q1O4L53" failures="0" tests="1" name="BatchTesting.payment" time="0.003" errors="0" timestamp="2023-04-11T19:31:08 IST" skipped="0">
  <testcase classname="BatchTesting.payment" name="pay" time="0.003"/>
  <system-out/>
</testsuite> <!-- BatchTesting.payment -->
