<?xml version="1.0" encoding="UTF-8"?>
<!-- Generated by org.testng.reporters.JUnitReportReporter -->
<testsuite hostname="DESKTOP-Q1O4L53" failures="0" tests="2" name="BatchTesting.signup" time="0.007" errors="0" timestamp="2023-04-11T19:31:08 IST" skipped="0">
  <testcase classname="BatchTesting.signup" name="fb" time="0.003"/>
  <system-out/>
  <testcase classname="BatchTesting.signup" name="email" time="0.004"/>
  <system-out/>
</testsuite> <!-- BatchTesting.signup -->
