<?xml version="1.0" encoding="UTF-8"?>
<!-- Generated by org.testng.reporters.JUnitReportReporter -->
<testsuite hostname="DESKTOP-Q1O4L53" failures="0" tests="2" name="Maven_Testing.Maven_Testing.NewTest" time="0.026" errors="0" timestamp="2023-03-09T09:06:58 IST" skipped="0">
  <testcase classname="Maven_Testing.Maven_Testing.NewTest" name="f" time="0.005"/>
  <system-out/>
  <testcase classname="Maven_Testing.Maven_Testing.NewTest" name="b" time="0.021"/>
  <system-out/>
</testsuite> <!-- Maven_Testing.Maven_Testing.NewTest -->
