<?xml version="1.0" encoding="UTF-8"?>
<!-- Generated by org.testng.reporters.JUnitReportReporter -->
<testsuite hostname="DESKTOP-Q1O4L53" failures="0" tests="1" name="BatchTesting.Return" time="0.020" errors="0" timestamp="2023-04-11T19:31:08 IST" skipped="0">
  <testcase classname="BatchTesting.Return" name="retu" time="0.020"/>
  <system-out/>
</testsuite> <!-- BatchTesting.Return -->
