<?xml version="1.0" encoding="UTF-8"?>
<!-- Generated by org.testng.reporters.JUnitReportReporter -->
<testsuite hostname="DESKTOP-Q1O4L53" failures="0" tests="1" name="report.reporttest" time="23.744" errors="0" timestamp="2023-03-20T20:42:10 IST" skipped="0">
  <testcase classname="report.reporttest" name="f" time="23.744"/>
  <system-out>
    <![CDATA[setting up the browser and to check the title og google page
the title is :OrangeHRM]]>
  </system-out>
</testsuite> <!-- report.reporttest -->
