<?xml version="1.0" encoding="UTF-8"?>
<!-- Generated by org.testng.reporters.JUnitReportReporter -->
<testsuite hostname="DESKTOP-Q1O4L53" failures="0" tests="6" name="Maven_Testing.Maven_Testing.Methods" time="40.924" errors="0" timestamp="2023-03-14T09:22:53 IST" skipped="0">
  <testcase classname="Maven_Testing.Maven_Testing.Methods" name="f2" time="5.142"/>
  <system-out/>
  <testcase classname="Maven_Testing.Maven_Testing.Methods" name="f2" time="0.567"/>
  <system-out/>
  <testcase classname="Maven_Testing.Maven_Testing.Methods" name="f1" time="8.119"/>
  <system-out/>
  <testcase classname="Maven_Testing.Maven_Testing.Methods" name="f1" time="10.289"/>
  <system-out/>
  <testcase classname="Maven_Testing.Maven_Testing.Methods" name="f1" time="12.913"/>
  <system-out/>
  <testcase classname="Maven_Testing.Maven_Testing.Methods" name="f2" time="3.894"/>
  <system-out/>
</testsuite> <!-- Maven_Testing.Maven_Testing.Methods -->
