<?xml version="1.0" encoding="UTF-8"?>
<!-- Generated by org.testng.reporters.JUnitReportReporter -->
<testsuite hostname="DESKTOP-Q1O4L53" failures="0" tests="5" name="Maven_Testing.Maven_Testing.Priority" time="0.022" errors="0" timestamp="2023-03-13T18:36:42 IST" skipped="0">
  <testcase classname="Maven_Testing.Maven_Testing.Priority" name="a4" time="0.003"/>
  <system-out/>
  <testcase classname="Maven_Testing.Maven_Testing.Priority" name="a1" time="0.014"/>
  <system-out/>
  <testcase classname="Maven_Testing.Maven_Testing.Priority" name="a3" time="0.001"/>
  <system-out/>
  <testcase classname="Maven_Testing.Maven_Testing.Priority" name="a2" time="0.001"/>
  <system-out/>
  <testcase classname="Maven_Testing.Maven_Testing.Priority" name="a5" time="0.003"/>
  <system-out/>
</testsuite> <!-- Maven_Testing.Maven_Testing.Priority -->
