<?xml version="1.0" encoding="UTF-8"?>
<!-- Generated by org.testng.reporters.JUnitReportReporter -->
<testsuite hostname="DESKTOP-Q1O4L53" failures="0" tests="2" name="dataprovidertest.Dpdemo" time="0.023" errors="0" timestamp="2023-03-21T12:00:47 IST" skipped="0">
  <testcase classname="dataprovidertest.Dpdemo" name="f1" time="0.003"/>
  <system-out/>
  <testcase classname="dataprovidertest.Dpdemo" name="f1" time="0.020"/>
  <system-out/>
</testsuite> <!-- dataprovidertest.Dpdemo -->
