<?xml version="1.0" encoding="UTF-8"?>
<!-- Generated by org.testng.reporters.JUnitReportReporter -->
<testsuite hostname="DESKTOP-Q1O4L53" failures="0" tests="2" name="Assertionpack.assertdemo" time="18.628" errors="0" timestamp="2023-03-14T19:18:08 IST" skipped="1">
  <testcase classname="Assertionpack.assertdemo" name="test1" time="18.628"/>
  <system-out/>
  <testcase classname="Assertionpack.assertdemo" name="test2">
    <skipped/>
  </testcase> <!-- test2 -->
  <system-out/>
</testsuite> <!-- Assertionpack.assertdemo -->
