<?xml version="1.0" encoding="UTF-8"?>
<!-- Generated by org.testng.reporters.JUnitReportReporter -->
<testsuite hostname="DESKTOP-Q1O4L53" failures="0" tests="2" name="Annotations.Annotationsdemo" time="0.026" errors="0" timestamp="2023-04-11T09:31:44 IST" skipped="0">
  <testcase classname="Annotations.Annotationsdemo" name="m2" time="0.008"/>
  <system-out/>
  <testcase classname="Annotations.Annotationsdemo" name="m1" time="0.018"/>
  <system-out/>
</testsuite> <!-- Annotations.Annotationsdemo -->
