<?xml version="1.0" encoding="UTF-8"?>
<!-- Generated by org.testng.reporters.JUnitReportReporter -->
<testsuite hostname="DESKTOP-Q1O4L53" failures="0" tests="1" name="Assertionpack.NewTest" time="0.031" errors="0" timestamp="2023-03-20T18:42:19 IST" skipped="0">
  <testcase classname="Assertionpack.NewTest" name="f" time="0.031"/>
  <system-out/>
</testsuite> <!-- Assertionpack.NewTest -->
